[ERR!] cwd  : C:\Projects\Hackathon\instaMoneyDashboard
[ERR!] os   : Windows_NT 6.1.7601
[ERR!] argv : "C:\\Tools\\nodejs\\node.exe" "C:\\Projects\\Hackathon\\instaMoneyDashboard\\node_modules\\tsd\\build\\cli.js" "reinstall" "--clean"
[ERR!] node : v4.4.0
[ERR!] tsd  : 0.6.5
[ERR!] Error: getaddrinfo ENOTFOUND api.github.com api.github.com:443
[ERR!] CODE : ENOTFOUND
[ERR!] getaddrinfo ENOTFOUND api.github.com api.github.com:443
This is most likely not a problem with tsd itself
and is related to network connectivity.
In most cases you are behind a proxy or have bad network settings.

If you are behind a proxy, please make sure that the
'proxy' config is set properly.  See: https://github.com/DefinitelyTyped/tsd#tsdrc
[ERR!] 
Error: getaddrinfo ENOTFOUND api.github.com api.github.com:443
    at errnoException (dns.js:26:10)
    at GetAddrInfoReqWrap.onlookup [as oncomplete] (dns.js:77:26)

[ERR!] tsd.json: {"version":"v4","repo":"DefinitelyTyped/DefinitelyTyped","ref":"master","path":"tools/typings/tsd","bundle":"tools/typings/tsd/tsd.d.ts","installed":{"systemjs/systemjs.d.ts":{"commit":"5c3e47967affa3c4128a3875d1664ba206ae1b0f"},"gulp/gulp.d.ts":{"commit":"5c3e47967affa3c4128a3875d1664ba206ae1b0f"},"q/Q.d.ts":{"commit":"5c3e47967affa3c4128a3875d1664ba206ae1b0f"},"orchestrator/orchestrator.d.ts":{"commit":"5c3e47967affa3c4128a3875d1664ba206ae1b0f"},"gulp-shell/gulp-shell.d.ts":{"commit":"5c3e47967affa3c4128a3875d1664ba206ae1b0f"},"mime/mime.d.ts":{"commit":"5c3e47967affa3c4128a3875d1664ba206ae1b0f"},"express/express.d.ts":{"commit":"5c3e47967affa3c4128a3875d1664ba206ae1b0f"},"serve-static/serve-static.d.ts":{"commit":"5c3e47967affa3c4128a3875d1664ba206ae1b0f"},"del/del.d.ts":{"commit":"5c3e47967affa3c4128a3875d1664ba206ae1b0f"},"glob/glob.d.ts":{"commit":"5c3e47967affa3c4128a3875d1664ba206ae1b0f"},"minimatch/minimatch.d.ts":{"commit":"5c3e47967affa3c4128a3875d1664ba206ae1b0f"},"async/async.d.ts":{"commit":"5c3e47967affa3c4128a3875d1664ba206ae1b0f"},"es6-promise/es6-promise.d.ts":{"commit":"923c5431d9447db9d5cf41adc5914e3c94c1ff10"},"node/node.d.ts":{"commit":"5a8fc5ee71701431e4fdbb80c506e3c13f85a9ff"},"gulp-util/gulp-util.d.ts":{"commit":"5a8fc5ee71701431e4fdbb80c506e3c13f85a9ff"},"vinyl/vinyl.d.ts":{"commit":"5a8fc5ee71701431e4fdbb80c506e3c13f85a9ff"},"through2/through2.d.ts":{"commit":"5a8fc5ee71701431e4fdbb80c506e3c13f85a9ff"},"chalk/chalk.d.ts":{"commit":"5a8fc5ee71701431e4fdbb80c506e3c13f85a9ff"}}}

[ERR!] .tsdrc could not be retrieved

[ERR!] Please include the following file with any support request:
    C:\Projects\Hackathon\instaMoneyDashboard\tsd-debug.log

